{"/Users/tatomyr/projects/sho/src/utils.ts": {"path":"/Users/tatomyr/projects/sho/src/utils.ts","statementMap":{"0":{"start":{"line":1,"column":26},"end":{"line":3,"column":64}},"1":{"start":{"line":3,"column":21},"end":{"line":3,"column":63}},"2":{"start":{"line":1,"column":13},"end":{"line":1,"column":26}},"3":{"start":{"line":5,"column":26},"end":{"line":6,"column":60}},"4":{"start":{"line":6,"column":2},"end":{"line":6,"column":60}},"5":{"start":{"line":5,"column":13},"end":{"line":5,"column":26}},"6":{"start":{"line":8,"column":23},"end":{"line":29,"column":1}},"7":{"start":{"line":9,"column":2},"end":{"line":16,"column":null}},"8":{"start":{"line":15,"column":4},"end":{"line":15,"column":null}},"9":{"start":{"line":17,"column":2},"end":{"line":27,"column":null}},"10":{"start":{"line":18,"column":4},"end":{"line":25,"column":null}},"11":{"start":{"line":19,"column":6},"end":{"line":24,"column":null}},"12":{"start":{"line":23,"column":8},"end":{"line":23,"column":null}},"13":{"start":{"line":26,"column":4},"end":{"line":26,"column":null}},"14":{"start":{"line":28,"column":2},"end":{"line":28,"column":null}},"15":{"start":{"line":8,"column":13},"end":{"line":8,"column":23}}},"fnMap":{"0":{"name":"(anonymous_0)","decl":{"start":{"line":1,"column":26},"end":{"line":1,"column":null}},"loc":{"start":{"line":3,"column":21},"end":{"line":3,"column":63}}},"1":{"name":"(anonymous_1)","decl":{"start":{"line":5,"column":26},"end":{"line":5,"column":48}},"loc":{"start":{"line":6,"column":2},"end":{"line":6,"column":60}}},"2":{"name":"(anonymous_2)","decl":{"start":{"line":8,"column":23},"end":{"line":8,"column":27}},"loc":{"start":{"line":8,"column":50},"end":{"line":29,"column":1}}}},"branchMap":{"0":{"loc":{"start":{"line":3,"column":21},"end":{"line":3,"column":63}},"type":"cond-expr","locations":[{"start":{"line":3,"column":50},"end":{"line":3,"column":59}},{"start":{"line":3,"column":62},"end":{"line":3,"column":63}}]},"1":{"loc":{"start":{"line":6,"column":2},"end":{"line":6,"column":60}},"type":"cond-expr","locations":[{"start":{"line":6,"column":47},"end":{"line":6,"column":56}},{"start":{"line":6,"column":59},"end":{"line":6,"column":60}}]},"2":{"loc":{"start":{"line":9,"column":2},"end":{"line":16,"column":null}},"type":"if","locations":[{"start":{"line":9,"column":2},"end":{"line":16,"column":null}}]},"3":{"loc":{"start":{"line":10,"column":4},"end":{"line":13,"column":39}},"type":"binary-expr","locations":[{"start":{"line":10,"column":4},"end":{"line":10,"column":19}},{"start":{"line":11,"column":4},"end":{"line":11,"column":14}},{"start":{"line":12,"column":5},"end":{"line":12,"column":26}},{"start":{"line":12,"column":30},"end":{"line":12,"column":38}},{"start":{"line":13,"column":5},"end":{"line":13,"column":26}},{"start":{"line":13,"column":30},"end":{"line":13,"column":38}}]},"4":{"loc":{"start":{"line":17,"column":2},"end":{"line":27,"column":null}},"type":"if","locations":[{"start":{"line":17,"column":2},"end":{"line":27,"column":null}}]},"5":{"loc":{"start":{"line":19,"column":6},"end":{"line":24,"column":null}},"type":"if","locations":[{"start":{"line":19,"column":6},"end":{"line":24,"column":null}}]},"6":{"loc":{"start":{"line":20,"column":9},"end":{"line":21,"column":52}},"type":"binary-expr","locations":[{"start":{"line":20,"column":9},"end":{"line":20,"column":57}},{"start":{"line":21,"column":9},"end":{"line":21,"column":52}}]}},"s":{"0":4,"1":7,"2":4,"3":4,"4":2,"5":4,"6":4,"7":13,"8":4,"9":9,"10":6,"11":6,"12":4,"13":2,"14":3,"15":4},"f":{"0":7,"1":2,"2":13},"b":{"0":[4,3],"1":[2,0],"2":[4],"3":[13,12,11,1,10,3],"4":[6],"5":[4],"6":[6,5]}}
,"/Users/tatomyr/projects/sho/src/nested/arr.ts": {"path":"/Users/tatomyr/projects/sho/src/nested/arr.ts","statementMap":{"0":{"start":{"line":2,"column":0},"end":{"line":2,"column":35}},"1":{"start":{"line":5,"column":2},"end":{"line":9,"column":66}},"2":{"start":{"line":6,"column":2},"end":{"line":9,"column":66}},"3":{"start":{"line":7,"column":4},"end":{"line":9,"column":66}},"4":{"start":{"line":9,"column":35},"end":{"line":9,"column":64}},"5":{"start":{"line":4,"column":13},"end":{"line":4,"column":null}}},"fnMap":{"0":{"name":"(anonymous_0)","decl":{"start":{"line":5,"column":2},"end":{"line":5,"column":3}},"loc":{"start":{"line":6,"column":2},"end":{"line":9,"column":66}}},"1":{"name":"(anonymous_1)","decl":{"start":{"line":6,"column":2},"end":{"line":6,"column":3}},"loc":{"start":{"line":7,"column":4},"end":{"line":9,"column":66}}},"2":{"name":"(anonymous_2)","decl":{"start":{"line":9,"column":25},"end":{"line":9,"column":26}},"loc":{"start":{"line":9,"column":35},"end":{"line":9,"column":64}}}},"branchMap":{"0":{"loc":{"start":{"line":7,"column":4},"end":{"line":9,"column":66}},"type":"cond-expr","locations":[{"start":{"line":8,"column":8},"end":{"line":8,"column":32}},{"start":{"line":9,"column":8},"end":{"line":9,"column":66}}]}},"s":{"0":1,"1":1,"2":2,"3":5,"4":1,"5":1},"f":{"0":2,"1":5,"2":1},"b":{"0":[3,2]}}
,"/Users/tatomyr/projects/sho/src/nested/mapping.ts": {"path":"/Users/tatomyr/projects/sho/src/nested/mapping.ts","statementMap":{"0":{"start":{"line":2,"column":0},"end":{"line":2,"column":35}},"1":{"start":{"line":5,"column":2},"end":{"line":19,"column":3}},"2":{"start":{"line":9,"column":2},"end":{"line":19,"column":3}},"3":{"start":{"line":10,"column":4},"end":{"line":12,"column":null}},"4":{"start":{"line":11,"column":6},"end":{"line":11,"column":null}},"5":{"start":{"line":13,"column":44},"end":{"line":13,"column":46}},"6":{"start":{"line":14,"column":4},"end":{"line":17,"column":null}},"7":{"start":{"line":15,"column":6},"end":{"line":16,"column":null}},"8":{"start":{"line":18,"column":4},"end":{"line":18,"column":null}},"9":{"start":{"line":4,"column":13},"end":{"line":4,"column":null}}},"fnMap":{"0":{"name":"(anonymous_0)","decl":{"start":{"line":5,"column":2},"end":{"line":5,"column":3}},"loc":{"start":{"line":9,"column":2},"end":{"line":19,"column":3}}},"1":{"name":"(anonymous_1)","decl":{"start":{"line":9,"column":2},"end":{"line":9,"column":3}},"loc":{"start":{"line":9,"column":20},"end":{"line":19,"column":3}}}},"branchMap":{"0":{"loc":{"start":{"line":10,"column":4},"end":{"line":12,"column":null}},"type":"if","locations":[{"start":{"line":10,"column":4},"end":{"line":12,"column":null}}]},"1":{"loc":{"start":{"line":10,"column":8},"end":{"line":10,"column":63}},"type":"binary-expr","locations":[{"start":{"line":10,"column":8},"end":{"line":10,"column":29}},{"start":{"line":10,"column":33},"end":{"line":10,"column":43}},{"start":{"line":10,"column":47},"end":{"line":10,"column":63}}]},"2":{"loc":{"start":{"line":16,"column":8},"end":{"line":16,"column":79}},"type":"binary-expr","locations":[{"start":{"line":16,"column":8},"end":{"line":16,"column":39}},{"start":{"line":16,"column":43},"end":{"line":16,"column":79}}]}},"s":{"0":1,"1":1,"2":3,"3":6,"4":4,"5":2,"6":2,"7":4,"8":2,"9":1},"f":{"0":3,"1":6},"b":{"0":[4],"1":[6,4,3],"2":[4,3]}}
,"/Users/tatomyr/projects/sho/src/nested/obj.ts": {"path":"/Users/tatomyr/projects/sho/src/nested/obj.ts","statementMap":{"0":{"start":{"line":2,"column":0},"end":{"line":2,"column":35}},"1":{"start":{"line":5,"column":2},"end":{"line":15,"column":3}},"2":{"start":{"line":6,"column":2},"end":{"line":15,"column":3}},"3":{"start":{"line":7,"column":4},"end":{"line":9,"column":null}},"4":{"start":{"line":8,"column":6},"end":{"line":8,"column":null}},"5":{"start":{"line":10,"column":44},"end":{"line":10,"column":46}},"6":{"start":{"line":11,"column":4},"end":{"line":13,"column":null}},"7":{"start":{"line":12,"column":6},"end":{"line":12,"column":null}},"8":{"start":{"line":14,"column":4},"end":{"line":14,"column":null}},"9":{"start":{"line":4,"column":13},"end":{"line":4,"column":null}}},"fnMap":{"0":{"name":"(anonymous_0)","decl":{"start":{"line":5,"column":2},"end":{"line":5,"column":3}},"loc":{"start":{"line":6,"column":2},"end":{"line":15,"column":3}}},"1":{"name":"(anonymous_1)","decl":{"start":{"line":6,"column":2},"end":{"line":6,"column":3}},"loc":{"start":{"line":6,"column":20},"end":{"line":15,"column":3}}}},"branchMap":{"0":{"loc":{"start":{"line":7,"column":4},"end":{"line":9,"column":null}},"type":"if","locations":[{"start":{"line":7,"column":4},"end":{"line":9,"column":null}}]},"1":{"loc":{"start":{"line":7,"column":8},"end":{"line":7,"column":63}},"type":"binary-expr","locations":[{"start":{"line":7,"column":8},"end":{"line":7,"column":29}},{"start":{"line":7,"column":33},"end":{"line":7,"column":43}},{"start":{"line":7,"column":47},"end":{"line":7,"column":63}}]}},"s":{"0":1,"1":1,"2":4,"3":9,"4":4,"5":5,"6":5,"7":5,"8":5,"9":1},"f":{"0":4,"1":9},"b":{"0":[4],"1":[9,7,6]}}
,"/Users/tatomyr/projects/sho/src/primitives/bool.ts": {"path":"/Users/tatomyr/projects/sho/src/primitives/bool.ts","statementMap":{"0":{"start":{"line":1,"column":20},"end":{"line":2,"column":62}},"1":{"start":{"line":2,"column":2},"end":{"line":2,"column":62}},"2":{"start":{"line":1,"column":13},"end":{"line":1,"column":20}}},"fnMap":{"0":{"name":"(anonymous_0)","decl":{"start":{"line":1,"column":20},"end":{"line":1,"column":21}},"loc":{"start":{"line":2,"column":2},"end":{"line":2,"column":62}}}},"branchMap":{"0":{"loc":{"start":{"line":2,"column":2},"end":{"line":2,"column":62}},"type":"cond-expr","locations":[{"start":{"line":2,"column":27},"end":{"line":2,"column":36}},{"start":{"line":2,"column":39},"end":{"line":2,"column":62}}]}},"s":{"0":2,"1":10,"2":2},"f":{"0":10},"b":{"0":[4,6]}}
,"/Users/tatomyr/projects/sho/src/primitives/num.ts": {"path":"/Users/tatomyr/projects/sho/src/primitives/num.ts","statementMap":{"0":{"start":{"line":1,"column":19},"end":{"line":2,"column":75}},"1":{"start":{"line":2,"column":2},"end":{"line":2,"column":75}},"2":{"start":{"line":1,"column":13},"end":{"line":1,"column":19}}},"fnMap":{"0":{"name":"(anonymous_0)","decl":{"start":{"line":1,"column":19},"end":{"line":1,"column":20}},"loc":{"start":{"line":2,"column":2},"end":{"line":2,"column":75}}}},"branchMap":{"0":{"loc":{"start":{"line":2,"column":2},"end":{"line":2,"column":75}},"type":"cond-expr","locations":[{"start":{"line":2,"column":39},"end":{"line":2,"column":48}},{"start":{"line":2,"column":51},"end":{"line":2,"column":75}}]},"1":{"loc":{"start":{"line":2,"column":2},"end":{"line":2,"column":36}},"type":"binary-expr","locations":[{"start":{"line":2,"column":2},"end":{"line":2,"column":23}},{"start":{"line":2,"column":27},"end":{"line":2,"column":36}}]}},"s":{"0":1,"1":5,"2":1},"f":{"0":5},"b":{"0":[1,4],"1":[5,2]}}
,"/Users/tatomyr/projects/sho/src/primitives/str.ts": {"path":"/Users/tatomyr/projects/sho/src/primitives/str.ts","statementMap":{"0":{"start":{"line":1,"column":19},"end":{"line":2,"column":62}},"1":{"start":{"line":2,"column":2},"end":{"line":2,"column":62}},"2":{"start":{"line":1,"column":13},"end":{"line":1,"column":19}}},"fnMap":{"0":{"name":"(anonymous_0)","decl":{"start":{"line":1,"column":19},"end":{"line":1,"column":20}},"loc":{"start":{"line":2,"column":2},"end":{"line":2,"column":62}}}},"branchMap":{"0":{"loc":{"start":{"line":2,"column":2},"end":{"line":2,"column":62}},"type":"cond-expr","locations":[{"start":{"line":2,"column":26},"end":{"line":2,"column":35}},{"start":{"line":2,"column":38},"end":{"line":2,"column":62}}]}},"s":{"0":2,"1":11,"2":2},"f":{"0":11},"b":{"0":[4,7]}}
,"/Users/tatomyr/projects/sho/src/utility/any.ts": {"path":"/Users/tatomyr/projects/sho/src/utility/any.ts","statementMap":{"0":{"start":{"line":1,"column":19},"end":{"line":1,"column":34}},"1":{"start":{"line":1,"column":25},"end":{"line":1,"column":34}},"2":{"start":{"line":1,"column":13},"end":{"line":1,"column":19}}},"fnMap":{"0":{"name":"(anonymous_0)","decl":{"start":{"line":1,"column":19},"end":{"line":1,"column":22}},"loc":{"start":{"line":1,"column":25},"end":{"line":1,"column":34}}}},"branchMap":{},"s":{"0":1,"1":1,"2":1},"f":{"0":1},"b":{}}
,"/Users/tatomyr/projects/sho/src/utility/opt.ts": {"path":"/Users/tatomyr/projects/sho/src/utility/opt.ts","statementMap":{"0":{"start":{"line":4,"column":2},"end":{"line":6,"column":67}},"1":{"start":{"line":5,"column":2},"end":{"line":6,"column":67}},"2":{"start":{"line":6,"column":4},"end":{"line":6,"column":67}},"3":{"start":{"line":3,"column":13},"end":{"line":3,"column":null}}},"fnMap":{"0":{"name":"(anonymous_0)","decl":{"start":{"line":4,"column":2},"end":{"line":4,"column":3}},"loc":{"start":{"line":5,"column":2},"end":{"line":6,"column":67}}},"1":{"name":"(anonymous_1)","decl":{"start":{"line":5,"column":2},"end":{"line":5,"column":3}},"loc":{"start":{"line":6,"column":4},"end":{"line":6,"column":67}}}},"branchMap":{"0":{"loc":{"start":{"line":6,"column":4},"end":{"line":6,"column":67}},"type":"cond-expr","locations":[{"start":{"line":6,"column":26},"end":{"line":6,"column":35}},{"start":{"line":6,"column":38},"end":{"line":6,"column":67}}]}},"s":{"0":0,"1":0,"2":0,"3":0},"f":{"0":0,"1":0},"b":{"0":[0,0]}}
,"/Users/tatomyr/projects/sho/src/utility/req.ts": {"path":"/Users/tatomyr/projects/sho/src/utility/req.ts","statementMap":{"0":{"start":{"line":2,"column":0},"end":{"line":2,"column":32}},"1":{"start":{"line":5,"column":2},"end":{"line":7,"column":74}},"2":{"start":{"line":6,"column":2},"end":{"line":7,"column":74}},"3":{"start":{"line":7,"column":4},"end":{"line":7,"column":74}},"4":{"start":{"line":4,"column":13},"end":{"line":4,"column":null}}},"fnMap":{"0":{"name":"(anonymous_0)","decl":{"start":{"line":5,"column":2},"end":{"line":5,"column":3}},"loc":{"start":{"line":6,"column":2},"end":{"line":7,"column":74}}},"1":{"name":"(anonymous_1)","decl":{"start":{"line":6,"column":2},"end":{"line":6,"column":3}},"loc":{"start":{"line":7,"column":4},"end":{"line":7,"column":74}}}},"branchMap":{"0":{"loc":{"start":{"line":7,"column":4},"end":{"line":7,"column":74}},"type":"cond-expr","locations":[{"start":{"line":7,"column":21},"end":{"line":7,"column":50}},{"start":{"line":7,"column":53},"end":{"line":7,"column":74}}]}},"s":{"0":0,"1":0,"2":0,"3":0,"4":0},"f":{"0":0,"1":0},"b":{"0":[0,0]}}
,"/Users/tatomyr/projects/sho/src/utility/val.ts": {"path":"/Users/tatomyr/projects/sho/src/utility/val.ts","statementMap":{"0":{"start":{"line":3,"column":19},"end":{"line":6,"column":15}},"1":{"start":{"line":4,"column":2},"end":{"line":6,"column":15}},"2":{"start":{"line":3,"column":13},"end":{"line":3,"column":19}}},"fnMap":{"0":{"name":"(anonymous_0)","decl":{"start":{"line":3,"column":19},"end":{"line":3,"column":20}},"loc":{"start":{"line":4,"column":2},"end":{"line":6,"column":15}}}},"branchMap":{"0":{"loc":{"start":{"line":4,"column":2},"end":{"line":6,"column":15}},"type":"cond-expr","locations":[{"start":{"line":5,"column":6},"end":{"line":5,"column":54}},{"start":{"line":6,"column":6},"end":{"line":6,"column":15}}]},"1":{"loc":{"start":{"line":4,"column":2},"end":{"line":4,"column":39}},"type":"binary-expr","locations":[{"start":{"line":4,"column":2},"end":{"line":4,"column":21}},{"start":{"line":4,"column":25},"end":{"line":4,"column":39}}]}},"s":{"0":0,"1":0,"2":0},"f":{"0":0},"b":{"0":[0,0],"1":[0,0]}}
}
