TN:
SF:src/utils.ts
FN:1,(anonymous_0)
FN:5,(anonymous_1)
FN:8,(anonymous_2)
FNF:3
FNH:3
FNDA:7,(anonymous_0)
FNDA:2,(anonymous_1)
FNDA:13,(anonymous_2)
DA:1,4
DA:3,7
DA:5,4
DA:6,2
DA:8,4
DA:9,13
DA:15,4
DA:17,9
DA:18,6
DA:19,6
DA:23,4
DA:26,2
DA:28,3
LF:13
LH:13
BRDA:3,0,0,4
BRDA:3,0,1,3
BRDA:6,1,0,2
BRDA:6,1,1,0
BRDA:9,2,0,4
BRDA:10,3,0,13
BRDA:10,3,1,12
BRDA:10,3,2,11
BRDA:10,3,3,1
BRDA:10,3,4,10
BRDA:10,3,5,3
BRDA:17,4,0,6
BRDA:19,5,0,4
BRDA:20,6,0,6
BRDA:20,6,1,5
BRF:15
BRH:14
end_of_record
TN:
SF:src/nested/arr.ts
FN:5,(anonymous_0)
FN:6,(anonymous_1)
FN:9,(anonymous_2)
FNF:3
FNH:3
FNDA:2,(anonymous_0)
FNDA:5,(anonymous_1)
FNDA:1,(anonymous_2)
DA:2,1
DA:4,1
DA:5,1
DA:6,2
DA:7,5
DA:9,1
LF:6
LH:6
BRDA:7,0,0,3
BRDA:7,0,1,2
BRF:2
BRH:2
end_of_record
TN:
SF:src/nested/mapping.ts
FN:5,(anonymous_0)
FN:9,(anonymous_1)
FNF:2
FNH:2
FNDA:3,(anonymous_0)
FNDA:6,(anonymous_1)
DA:2,1
DA:4,1
DA:5,1
DA:9,3
DA:10,6
DA:11,4
DA:13,2
DA:14,2
DA:15,4
DA:18,2
LF:10
LH:10
BRDA:10,0,0,4
BRDA:10,1,0,6
BRDA:10,1,1,4
BRDA:10,1,2,3
BRDA:16,2,0,4
BRDA:16,2,1,3
BRF:6
BRH:6
end_of_record
TN:
SF:src/nested/obj.ts
FN:5,(anonymous_0)
FN:6,(anonymous_1)
FNF:2
FNH:2
FNDA:4,(anonymous_0)
FNDA:9,(anonymous_1)
DA:2,1
DA:4,1
DA:5,1
DA:6,4
DA:7,9
DA:8,4
DA:10,5
DA:11,5
DA:12,5
DA:14,5
LF:10
LH:10
BRDA:7,0,0,4
BRDA:7,1,0,9
BRDA:7,1,1,7
BRDA:7,1,2,6
BRF:4
BRH:4
end_of_record
TN:
SF:src/primitives/bool.ts
FN:1,(anonymous_0)
FNF:1
FNH:1
FNDA:10,(anonymous_0)
DA:1,2
DA:2,10
LF:2
LH:2
BRDA:2,0,0,4
BRDA:2,0,1,6
BRF:2
BRH:2
end_of_record
TN:
SF:src/primitives/num.ts
FN:1,(anonymous_0)
FNF:1
FNH:1
FNDA:5,(anonymous_0)
DA:1,1
DA:2,5
LF:2
LH:2
BRDA:2,0,0,1
BRDA:2,0,1,4
BRDA:2,1,0,5
BRDA:2,1,1,2
BRF:4
BRH:4
end_of_record
TN:
SF:src/primitives/str.ts
FN:1,(anonymous_0)
FNF:1
FNH:1
FNDA:11,(anonymous_0)
DA:1,2
DA:2,11
LF:2
LH:2
BRDA:2,0,0,4
BRDA:2,0,1,7
BRF:2
BRH:2
end_of_record
TN:
SF:src/utility/any.ts
FN:1,(anonymous_0)
FNF:1
FNH:1
FNDA:1,(anonymous_0)
DA:1,1
LF:1
LH:1
BRF:0
BRH:0
end_of_record
TN:
SF:src/utility/opt.ts
FN:4,(anonymous_0)
FN:5,(anonymous_1)
FNF:2
FNH:0
FNDA:0,(anonymous_0)
FNDA:0,(anonymous_1)
DA:3,0
DA:4,0
DA:5,0
DA:6,0
LF:4
LH:0
BRDA:6,0,0,0
BRDA:6,0,1,0
BRF:2
BRH:0
end_of_record
TN:
SF:src/utility/req.ts
FN:5,(anonymous_0)
FN:6,(anonymous_1)
FNF:2
FNH:0
FNDA:0,(anonymous_0)
FNDA:0,(anonymous_1)
DA:2,0
DA:4,0
DA:5,0
DA:6,0
DA:7,0
LF:5
LH:0
BRDA:7,0,0,0
BRDA:7,0,1,0
BRF:2
BRH:0
end_of_record
TN:
SF:src/utility/val.ts
FN:3,(anonymous_0)
FNF:1
FNH:0
FNDA:0,(anonymous_0)
DA:3,0
DA:4,0
LF:2
LH:0
BRDA:4,0,0,0
BRDA:4,0,1,0
BRDA:4,1,0,0
BRDA:4,1,1,0
BRF:4
BRH:0
end_of_record
